{
  "RSpec": {
    "coverage": {
      "/Users/samueldowens/Development/Code/code_coverage/jukebox.rb": [
        null,
        null,
        1,
        null,
        1,
        1,
        1,
        null,
        1,
        8,
        8,
        null,
        null,
        1,
        1,
        null,
        null,
        1,
        1,
        null,
        null,
        1,
        5,
        null,
        5,
        3,
        null,
        1,
        1,
        null,
        1,
        null,
        5,
        null,
        null,
        1,
        1,
        1,
        null,
        null,
        1,
        1,
        1,
        7,
        null,
        1,
        null,
        null,
        1,
        1,
        null,
        null,
        null,
        null,
        null,
        null,
        null,
        null,
        null,
        null,
        null,
        null,
        null,
        null,
        null,
        null,
        null,
        null,
        null
      ],
      "/Users/samueldowens/Development/Code/code_coverage/song.rb": [
        1,
        1,
        null,
        1,
        8,
        null,
        null
      ]
    },
    "timestamp": 1381332056
  }
}
